0 info it worked if it ends with ok
1 verbose cli [ 'node',
1 verbose cli   '/usr/local/bin/npm',
1 verbose cli   'install',
1 verbose cli   '-g',
1 verbose cli   'yo',
1 verbose cli   'generator-hubot' ]
2 info using npm@2.5.1
3 info using node@v0.12.0
4 silly cache add args [ 'yo', null ]
5 verbose cache add spec yo
6 silly cache add args [ 'generator-hubot', null ]
7 verbose cache add spec generator-hubot
8 silly cache add parsed spec { raw: 'yo',
8 silly cache add   scope: null,
8 silly cache add   name: 'yo',
8 silly cache add   rawSpec: '',
8 silly cache add   spec: '*',
8 silly cache add   type: 'range' }
9 verbose addNamed yo@*
10 silly addNamed semver.valid null
11 silly addNamed semver.validRange *
12 silly addNameRange { name: 'yo', range: '*', hasData: false }
13 silly mapToRegistry name yo
14 silly mapToRegistry using default registry
15 silly mapToRegistry registry https://registry.npmjs.org/
16 silly mapToRegistry uri https://registry.npmjs.org/yo
17 verbose addNameRange registry:https://registry.npmjs.org/yo not in flight; fetching
18 silly cache add parsed spec { raw: 'generator-hubot',
18 silly cache add   scope: null,
18 silly cache add   name: 'generator-hubot',
18 silly cache add   rawSpec: '',
18 silly cache add   spec: '*',
18 silly cache add   type: 'range' }
19 verbose addNamed generator-hubot@*
20 silly addNamed semver.valid null
21 silly addNamed semver.validRange *
22 silly addNameRange { name: 'generator-hubot', range: '*', hasData: false }
23 silly mapToRegistry name generator-hubot
24 silly mapToRegistry using default registry
25 silly mapToRegistry registry https://registry.npmjs.org/
26 silly mapToRegistry uri https://registry.npmjs.org/generator-hubot
27 verbose addNameRange registry:https://registry.npmjs.org/generator-hubot not in flight; fetching
28 verbose request uri https://registry.npmjs.org/yo
29 verbose request no auth needed
30 info attempt registry request try #1 at 12:39:09 PM
31 verbose request id 1c5471c733315249
32 http request GET https://registry.npmjs.org/yo
33 verbose request uri https://registry.npmjs.org/generator-hubot
34 verbose request no auth needed
35 info attempt registry request try #1 at 12:39:09 PM
36 http request GET https://registry.npmjs.org/generator-hubot
37 http 200 https://registry.npmjs.org/generator-hubot
38 silly get cb [ 200,
38 silly get   { date: 'Mon, 23 Mar 2015 18:39:09 GMT',
38 silly get     server: 'CouchDB/1.5.0 (Erlang OTP/R16B03)',
38 silly get     etag: '"1FI1JH9V6MZILG7JKE5U6SUF1"',
38 silly get     'content-type': 'application/json',
38 silly get     'cache-control': 'max-age=60',
38 silly get     'content-length': '16073',
38 silly get     'accept-ranges': 'bytes',
38 silly get     via: '1.1 varnish',
38 silly get     age: '0',
38 silly get     'x-served-by': 'cache-lax1422-LAX',
38 silly get     'x-cache': 'HIT',
38 silly get     'x-cache-hits': '1',
38 silly get     'x-timer': 'S1427135949.889910,VS0,VE43',
38 silly get     vary: 'Accept',
38 silly get     'keep-alive': 'timeout=10, max=50',
38 silly get     connection: 'Keep-Alive' } ]
39 verbose get saving generator-hubot to /Users/awoodrow/.npm/registry.npmjs.org/generator-hubot/.cache.json
40 http 200 https://registry.npmjs.org/yo
41 silly get cb [ 200,
41 silly get   { date: 'Mon, 23 Mar 2015 18:39:09 GMT',
41 silly get     server: 'CouchDB/1.5.0 (Erlang OTP/R16B03)',
41 silly get     etag: '"1Q427BFZB6XIQD19TP44E1Y6F"',
41 silly get     'content-type': 'application/json',
41 silly get     'cache-control': 'max-age=60',
41 silly get     'content-length': '30642',
41 silly get     'accept-ranges': 'bytes',
41 silly get     via: '1.1 varnish',
41 silly get     age: '17',
41 silly get     'x-served-by': 'cache-lax1431-LAX',
41 silly get     'x-cache': 'HIT',
41 silly get     'x-cache-hits': '1',
41 silly get     'x-timer': 'S1427135949.889369,VS0,VE0',
41 silly get     vary: 'Accept',
41 silly get     'keep-alive': 'timeout=10, max=50',
41 silly get     connection: 'Keep-Alive' } ]
42 verbose get saving yo to /Users/awoodrow/.npm/registry.npmjs.org/yo/.cache.json
43 silly addNameRange number 2 { name: 'generator-hubot', range: '*', hasData: true }
44 silly addNameRange versions [ 'generator-hubot',
44 silly addNameRange   [ '0.1.0',
44 silly addNameRange     '0.1.1',
44 silly addNameRange     '0.1.2',
44 silly addNameRange     '0.1.3',
44 silly addNameRange     '0.1.4',
44 silly addNameRange     '0.2.0',
44 silly addNameRange     '0.2.1',
44 silly addNameRange     '0.2.2',
44 silly addNameRange     '0.2.3',
44 silly addNameRange     '0.2.4',
44 silly addNameRange     '0.2.5' ] ]
45 verbose addNamed generator-hubot@0.2.5
46 silly addNamed semver.valid 0.2.5
47 silly addNamed semver.validRange 0.2.5
48 silly mapToRegistry name generator-hubot
49 silly mapToRegistry using default registry
50 silly mapToRegistry registry https://registry.npmjs.org/
51 silly mapToRegistry uri https://registry.npmjs.org/generator-hubot
52 verbose addRemoteTarball https://registry.npmjs.org/generator-hubot/-/generator-hubot-0.2.5.tgz not in flight; adding
53 verbose addRemoteTarball [ 'https://registry.npmjs.org/generator-hubot/-/generator-hubot-0.2.5.tgz',
53 verbose addRemoteTarball   '71141e2311585aa1d252cd0ed6ee766c9a27fc35' ]
54 silly addNameRange number 2 { name: 'yo', range: '*', hasData: true }
55 silly addNameRange versions [ 'yo',
55 silly addNameRange   [ '1.1.0',
55 silly addNameRange     '1.1.1',
55 silly addNameRange     '1.1.2',
55 silly addNameRange     '1.2.0',
55 silly addNameRange     '1.2.1',
55 silly addNameRange     '1.3.0',
55 silly addNameRange     '1.3.2',
55 silly addNameRange     '1.3.3',
55 silly addNameRange     '1.4.1',
55 silly addNameRange     '1.4.2',
55 silly addNameRange     '1.4.4',
55 silly addNameRange     '1.4.5',
55 silly addNameRange     '1.4.6' ] ]
56 verbose addNamed yo@1.4.6
57 silly addNamed semver.valid 1.4.6
58 silly addNamed semver.validRange 1.4.6
59 silly mapToRegistry name yo
60 silly mapToRegistry using default registry
61 silly mapToRegistry registry https://registry.npmjs.org/
62 silly mapToRegistry uri https://registry.npmjs.org/yo
63 verbose addRemoteTarball https://registry.npmjs.org/yo/-/yo-1.4.6.tgz not in flight; adding
64 verbose addRemoteTarball [ 'https://registry.npmjs.org/yo/-/yo-1.4.6.tgz',
64 verbose addRemoteTarball   '16e03e9af7be4805ef6142cdbb1d15f33504b37b' ]
65 info retry fetch attempt 1 at 12:39:10 PM
66 info attempt registry request try #1 at 12:39:10 PM
67 http fetch GET https://registry.npmjs.org/yo/-/yo-1.4.6.tgz
68 info retry fetch attempt 1 at 12:39:10 PM
69 info attempt registry request try #1 at 12:39:10 PM
70 http fetch GET https://registry.npmjs.org/generator-hubot/-/generator-hubot-0.2.5.tgz
71 http fetch 200 https://registry.npmjs.org/yo/-/yo-1.4.6.tgz
72 http fetch 200 https://registry.npmjs.org/generator-hubot/-/generator-hubot-0.2.5.tgz
73 silly fetchAndShaCheck shasum 71141e2311585aa1d252cd0ed6ee766c9a27fc35
74 verbose addTmpTarball /var/folders/yd/rsggxm7n765514_48jt9w26m0000gn/T/npm-95643-732948e6/registry.npmjs.org/generator-hubot/-/generator-hubot-0.2.5.tgz not in flight; adding
75 verbose addTmpTarball already have metadata; skipping unpack for generator-hubot@0.2.5
76 silly cache afterAdd generator-hubot@0.2.5
77 verbose afterAdd /Users/awoodrow/.npm/generator-hubot/0.2.5/package/package.json not in flight; writing
78 verbose afterAdd /Users/awoodrow/.npm/generator-hubot/0.2.5/package/package.json written
79 silly fetchAndShaCheck shasum 16e03e9af7be4805ef6142cdbb1d15f33504b37b
80 verbose addTmpTarball /var/folders/yd/rsggxm7n765514_48jt9w26m0000gn/T/npm-95643-732948e6/registry.npmjs.org/yo/-/yo-1.4.6.tgz not in flight; adding
81 verbose addTmpTarball already have metadata; skipping unpack for yo@1.4.6
82 silly cache afterAdd yo@1.4.6
83 verbose afterAdd /Users/awoodrow/.npm/yo/1.4.6/package/package.json not in flight; writing
84 verbose afterAdd /Users/awoodrow/.npm/yo/1.4.6/package/package.json written
85 silly install resolved [ { name: 'generator-hubot',
85 silly install resolved     version: '0.2.5',
85 silly install resolved     description: 'Hubot generator for Yeoman',
85 silly install resolved     license: 'MIT',
85 silly install resolved     main: 'generators/app/index.js',
85 silly install resolved     repository:
85 silly install resolved      { type: 'git',
85 silly install resolved        url: 'https://github.com/github/generator-hubot' },
85 silly install resolved     author:
85 silly install resolved      { name: 'Josh Nichols',
85 silly install resolved        email: 'josh@technicalpickles.com',
85 silly install resolved        url: 'https://github.com/technicalpickles' },
85 silly install resolved     engines: { node: '>=0.10.0' },
85 silly install resolved     scripts: { test: 'mocha' },
85 silly install resolved     files: [ 'generators' ],
85 silly install resolved     keywords: [ 'yeoman-generator', 'hubot', 'hubot-script' ],
85 silly install resolved     dependencies:
85 silly install resolved      { 'yeoman-generator': '^0.17.0',
85 silly install resolved        chalk: '^0.5.0',
85 silly install resolved        yosay: '^0.3.0',
85 silly install resolved        'npm-name': '^1.0.1' },
85 silly install resolved     devDependencies:
85 silly install resolved      { 'coffee-script': '^1.6.3',
85 silly install resolved        grunt: '~0.4.5',
85 silly install resolved        'grunt-contrib-watch': '^0.6.1',
85 silly install resolved        'grunt-mocha-test': '^0.12.4',
85 silly install resolved        'grunt-release': '~0.6.0',
85 silly install resolved        matchdep: '~0.1.2',
85 silly install resolved        mocha: '*' },
85 silly install resolved     peerDependencies: { yo: '>=1.0.0' },
85 silly install resolved     gitHead: '202ea0f8f1b2cc17b5d95da3c46bc2402c51df36',
85 silly install resolved     bugs: { url: 'https://github.com/github/generator-hubot/issues' },
85 silly install resolved     homepage: 'https://github.com/github/generator-hubot',
85 silly install resolved     _id: 'generator-hubot@0.2.5',
85 silly install resolved     _shasum: '71141e2311585aa1d252cd0ed6ee766c9a27fc35',
85 silly install resolved     _from: 'generator-hubot@*',
85 silly install resolved     _npmVersion: '2.1.11',
85 silly install resolved     _nodeVersion: '0.10.21',
85 silly install resolved     _npmUser: { name: 'technicalpickles', email: 'josh@technicalpickles.com' },
85 silly install resolved     maintainers: [ [Object] ],
85 silly install resolved     dist:
85 silly install resolved      { shasum: '71141e2311585aa1d252cd0ed6ee766c9a27fc35',
85 silly install resolved        tarball: 'http://registry.npmjs.org/generator-hubot/-/generator-hubot-0.2.5.tgz' },
85 silly install resolved     directories: {},
85 silly install resolved     _resolved: 'https://registry.npmjs.org/generator-hubot/-/generator-hubot-0.2.5.tgz' },
85 silly install resolved   { name: 'yo',
85 silly install resolved     version: '1.4.6',
85 silly install resolved     description: 'CLI tool for running Yeoman generators',
85 silly install resolved     license: 'BSD',
85 silly install resolved     bin: { yo: 'lib/cli.js' },
85 silly install resolved     author: { name: 'Yeoman team' },
85 silly install resolved     repository: { type: 'git', url: 'https://github.com/yeoman/yo' },
85 silly install resolved     engines: { node: '>=0.10.0', npm: '>=2.1.0' },
85 silly install resolved     scripts:
85 silly install resolved      { test: 'jshint . && mocha test/**/*.js',
85 silly install resolved        postinstall: 'yodoctor',
85 silly install resolved        postupdate: 'yodoctor',
85 silly install resolved        prepublish: 'nsp audit-package' },
85 silly install resolved     files: [ 'lib' ],
85 silly install resolved     keywords:
85 silly install resolved      [ 'cli-app',
85 silly install resolved        'cli',
85 silly install resolved        'bin',
85 silly install resolved        'front-end',
85 silly install resolved        'development',
85 silly install resolved        'dev',
85 silly install resolved        'build',
85 silly install resolved        'web',
85 silly install resolved        'tool',
85 silly install resolved        'scaffold',
85 silly install resolved        'stack',
85 silly install resolved        'yeoman',
85 silly install resolved        'generator',
85 silly install resolved        'generate',
85 silly install resolved        'app',
85 silly install resolved        'boilerplate' ],
85 silly install resolved     dependencies:
85 silly install resolved      { 'array-uniq': '^1.0.2',
85 silly install resolved        async: '^0.9.0',
85 silly install resolved        chalk: '^1.0.0',
85 silly install resolved        configstore: '^0.3.1',
85 silly install resolved        'cross-spawn': '^0.2.3',
85 silly install resolved        figures: '^1.3.5',
85 silly install resolved        findup: '^0.1.5',
85 silly install resolved        fullname: '^1.0.0',
85 silly install resolved        got: '^2.4.0',
85 silly install resolved        'humanize-string': '^1.0.0',
85 silly install resolved        inquirer: '^0.8.0',
85 silly install resolved        insight: '^0.5.0',
85 silly install resolved        lodash: '^3.2.0',
85 silly install resolved        meow: '^3.0.0',
85 silly install resolved        'npm-keyword': '^1.1.1',
85 silly install resolved        opn: '^1.0.0',
85 silly install resolved        'package-json': '^1.1.0',
85 silly install resolved        'root-check': '^1.0.0',
85 silly install resolved        'sort-on': '^1.0.0',
85 silly install resolved        'string-length': '^1.0.0',
85 silly install resolved        titleize: '^1.0.0',
85 silly install resolved        'update-notifier': '^0.3.0',
85 silly install resolved        'user-home': '^1.1.0',
85 silly install resolved        'yeoman-character': '^1.0.0',
85 silly install resolved        'yeoman-doctor': '^1.0.0',
85 silly install resolved        'yeoman-environment': '^1.0.1',
85 silly install resolved        yosay: '^1.0.0' },
85 silly install resolved     devDependencies:
85 silly install resolved      { jshint: '^2.5.11',
85 silly install resolved        mocha: '^2.1.0',
85 silly install resolved        mockery: '^1.4.0',
85 silly install resolved        nock: '^0.59.1',
85 silly install resolved        nsp: '*',
85 silly install resolved        proxyquire: '^1.0.1',
85 silly install resolved        'registry-url': '^3.0.0',
85 silly install resolved        sinon: '^1.12.1' },
85 silly install resolved     preferGlobal: true,
85 silly install resolved     gitHead: '987fe12a608e7b6318c2563a6140583e796d9db5',
85 silly install resolved     bugs: { url: 'https://github.com/yeoman/yo/issues' },
85 silly install resolved     homepage: 'https://github.com/yeoman/yo',
85 silly install resolved     _id: 'yo@1.4.6',
85 silly install resolved     _shasum: '16e03e9af7be4805ef6142cdbb1d15f33504b37b',
85 silly install resolved     _from: 'yo@*',
85 silly install resolved     _npmVersion: '1.4.28',
85 silly install resolved     _npmUser: { name: 'sindresorhus', email: 'sindresorhus@gmail.com' },
85 silly install resolved     maintainers: [ [Object], [Object], [Object], [Object], [Object], [Object] ],
85 silly install resolved     dist:
85 silly install resolved      { shasum: '16e03e9af7be4805ef6142cdbb1d15f33504b37b',
85 silly install resolved        tarball: 'http://registry.npmjs.org/yo/-/yo-1.4.6.tgz' },
85 silly install resolved     directories: {},
85 silly install resolved     _resolved: 'https://registry.npmjs.org/yo/-/yo-1.4.6.tgz' } ]
86 info install generator-hubot@0.2.5 into /usr/local/lib
87 info install yo@1.4.6 into /usr/local/lib
88 info installOne generator-hubot@0.2.5
89 verbose installOne of generator-hubot to /usr/local/lib not in flight; installing
90 info installOne yo@1.4.6
91 verbose installOne of yo to /usr/local/lib not in flight; installing
92 verbose lock using /Users/awoodrow/.npm/_locks/generator-hubot-7a7233172860d785.lock for /usr/local/lib/node_modules/generator-hubot
93 verbose lock using /Users/awoodrow/.npm/_locks/yo-c80abb7e04f27e35.lock for /usr/local/lib/node_modules/yo
94 silly install write writing generator-hubot 0.2.5 to /usr/local/lib/node_modules/generator-hubot
95 silly install write writing yo 1.4.6 to /usr/local/lib/node_modules/yo
96 silly cache addNamed cb generator-hubot@0.2.5
97 verbose unbuild lib/node_modules/generator-hubot
98 silly cache addNamed cb yo@1.4.6
99 verbose unbuild lib/node_modules/yo
100 verbose gentlyRm vacuuming /usr/local/lib/node_modules/generator-hubot
101 verbose gentlyRm vacuuming /usr/local/lib/node_modules/yo
102 verbose tar unpack /Users/awoodrow/.npm/generator-hubot/0.2.5/package.tgz
103 verbose tar unpacking to /usr/local/lib/node_modules/generator-hubot
104 verbose gentlyRm vacuuming /usr/local/lib/node_modules/generator-hubot
105 verbose tar unpack /Users/awoodrow/.npm/yo/1.4.6/package.tgz
106 verbose tar unpacking to /usr/local/lib/node_modules/yo
107 verbose gentlyRm vacuuming /usr/local/lib/node_modules/yo
108 silly gunzTarPerm modes [ '755', '644' ]
109 silly gunzTarPerm modes [ '755', '644' ]
110 error tar.unpack untar error /Users/awoodrow/.npm/generator-hubot/0.2.5/package.tgz
111 error tar.unpack untar error /Users/awoodrow/.npm/yo/1.4.6/package.tgz
112 verbose unlock done using /Users/awoodrow/.npm/_locks/generator-hubot-7a7233172860d785.lock for /usr/local/lib/node_modules/generator-hubot
113 verbose unlock done using /Users/awoodrow/.npm/_locks/yo-c80abb7e04f27e35.lock for /usr/local/lib/node_modules/yo
114 verbose fstream_path /usr/local/lib/node_modules/generator-hubot
115 verbose fstream_type Directory
116 verbose fstream_class DirWriter
117 verbose stack Error: EACCES, mkdir '/usr/local/lib/node_modules/generator-hubot'
117 verbose stack     at Error (native)
118 verbose fstream_stack /usr/local/lib/node_modules/npm/node_modules/fstream/lib/dir-writer.js:36:23
118 verbose fstream_stack /usr/local/lib/node_modules/npm/node_modules/mkdirp/index.js:46:53
118 verbose fstream_stack FSReqWrap.oncomplete (fs.js:99:15)
119 verbose cwd /Users/awoodrow/ruby/grocery_cost
120 error Darwin 13.4.0
121 error argv "node" "/usr/local/bin/npm" "install" "-g" "yo" "generator-hubot"
122 error node v0.12.0
123 error npm  v2.5.1
124 error path /usr/local/lib/node_modules/generator-hubot
125 error code EACCES
126 error errno -13
127 error Error: EACCES, mkdir '/usr/local/lib/node_modules/generator-hubot'
127 error     at Error (native)
127 error  { [Error: EACCES, mkdir '/usr/local/lib/node_modules/generator-hubot']
127 error   errno: -13,
127 error   code: 'EACCES',
127 error   path: '/usr/local/lib/node_modules/generator-hubot',
127 error   fstream_type: 'Directory',
127 error   fstream_path: '/usr/local/lib/node_modules/generator-hubot',
127 error   fstream_class: 'DirWriter',
127 error   fstream_stack:
127 error    [ '/usr/local/lib/node_modules/npm/node_modules/fstream/lib/dir-writer.js:36:23',
127 error      '/usr/local/lib/node_modules/npm/node_modules/mkdirp/index.js:46:53',
127 error      'FSReqWrap.oncomplete (fs.js:99:15)' ] }
128 error Please try running this command again as root/Administrator.
129 verbose exit [ -13, true ]
130 verbose unbuild lib/node_modules/generator-hubot
131 verbose gentlyRm vacuuming /usr/local/lib/node_modules/generator-hubot
132 verbose unbuild lib/node_modules/yo
133 verbose gentlyRm vacuuming /usr/local/lib/node_modules/yo
